
Showing logs for build [32mcb-kubecd-environment-pr-237-10-vxbxp-1[0m stage [32mfrom-build-pack[0m and container [32mstep-credential-initializer-p8cv7[0m
{"level":"info","ts":1592570131.0599124,"logger":"fallback-logger","caller":"logging/config.go:69","msg":"Fetch GitHub commit ID from kodata failed: open /var/run/ko/refs/heads/0.8.0-ns-support: no such file or directory"}
{"level":"info","ts":1592570131.060676,"logger":"fallback-logger","caller":"creds-init/main.go:40","msg":"Credentials initialized."}

Showing logs for build [32mcb-kubecd-environment-pr-237-10-vxbxp-1[0m stage [32mfrom-build-pack[0m and container [32mstep-working-dir-initializer-vdlhg[0m
{"level":"info","ts":1592570132.0493622,"logger":"fallback-logger","caller":"logging/config.go:69","msg":"Fetch GitHub commit ID from kodata failed: open /var/run/ko/HEAD: no such file or directory"}
{"level":"info","ts":1592570132.05346,"logger":"fallback-logger","caller":"bash/main.go:64","msg":"Successfully executed command \"sh -c mkdir -p /workspace/source\"; output "}

Showing logs for build [32mcb-kubecd-environment-pr-237-10-vxbxp-1[0m stage [32mfrom-build-pack[0m and container [32mstep-place-tools[0m

Showing logs for build [32mcb-kubecd-environment-pr-237-10-vxbxp-1[0m stage [32mfrom-build-pack[0m and container [32mstep-git-source-cb-kubecd-environment-pr-237-10-vxbxp-4j2gc[0m
{"level":"info","ts":1592570136.2465162,"logger":"fallback-logger","caller":"logging/config.go:69","msg":"Fetch GitHub commit ID from kodata failed: open /var/run/ko/refs/heads/0.8.0-ns-support: no such file or directory"}
{"level":"info","ts":1592570137.3207815,"logger":"fallback-logger","caller":"git/git.go:103","msg":"Successfully cloned https://github.com/cb-kubecd/environment-pr-237-10-boot-gke-staging.git @ master in path /workspace/source"}

Showing logs for build [32mcb-kubecd-environment-pr-237-10-vxbxp-1[0m stage [32mfrom-build-pack[0m and container [32mstep-git-merge[0m
Using SHAs from PULL_REFS=master:fd50c60b94505b2903aef5b3eb28b98ef19313ea,3:017d75eba067a5fd91c0a5d930b6fbc11b0af410
DEBUG: LC_ALL=C JX_LOG_LEVEL=error git fetch origin --unshallow 017d75eba067a5fd91c0a5d930b6fbc11b0af410: fd50c60b94505b2903aef5b3eb28b98ef19313ea:
DEBUG: ran git fetch --unshallow origin 017d75eba067a5fd91c0a5d930b6fbc11b0af410: fd50c60b94505b2903aef5b3eb28b98ef19313ea: in 
DEBUG: JX_LOG_LEVEL=error LC_ALL=C git branch
DEBUG: LC_ALL=C JX_LOG_LEVEL=error git checkout master
DEBUG: ran git checkout master in 
DEBUG: LC_ALL=C JX_LOG_LEVEL=error git reset --hard fd50c60b94505b2903aef5b3eb28b98ef19313ea
DEBUG: ran git reset --hard fd50c60b94505b2903aef5b3eb28b98ef19313ea in 
DEBUG: LC_ALL=C JX_LOG_LEVEL=error git clean -fd .
DEBUG: ran clean --force -d . in 
DEBUG: LC_ALL=C JX_LOG_LEVEL=error git merge 017d75eba067a5fd91c0a5d930b6fbc11b0af410
DEBUG: ran git merge 017d75eba067a5fd91c0a5d930b6fbc11b0af410 in 
DEBUG: JX_LOG_LEVEL=error LC_ALL=C git log --format=%H%x1f%an%x1f%ae%x1f%cn%x1f%ce%x1f%s%n%b%x1e fd50c60b94505b2903aef5b3eb28b98ef19313ea..HEAD
Merged SHA 017d75eba067a5fd91c0a5d930b6fbc11b0af410 with commit message 'chore: Promote bdd-gh-1592568964 to version 0.0.1' into base branch master

Showing logs for build [32mcb-kubecd-environment-pr-237-10-vxbxp-1[0m stage [32mfrom-build-pack[0m and container [32mstep-build-helm-build[0m
WARNING: No $CHART_REPOSITORY defined so using the default value of: http://jenkins-x-chartmuseum:8080
Adding missing Helm repo: storage.googleapis.com https://storage.googleapis.com/chartmuseum.jenkins-x.io
WARNING: No secrets found on "helm/repos" due: reading the secret "helm/repos" from vault: no secret "helm/repos" not found in vault
Read credentials for https://storage.googleapis.com/chartmuseum.jenkins-x.io from vault helm/repos
Successfully added Helm repository storage.googleapis.com.
Adding missing Helm repo: jenkins-x-chartmuseum http://jenkins-x-chartmuseum:8080
WARNING: No secrets found on "helm/repos" due: reading the secret "helm/repos" from vault: no secret "helm/repos" not found in vault
Read credentials for http://jenkins-x-chartmuseum:8080 from vault helm/repos
Successfully added Helm repository jenkins-x-chartmuseum.
WARNING: No $CHART_REPOSITORY defined so using the default value of: http://jenkins-x-chartmuseum:8080
Adding missing Helm repo: chartmuseum.jenkins-x.io http://chartmuseum.jenkins-x.io
WARNING: No secrets found on "helm/repos" due: reading the secret "helm/repos" from vault: no secret "helm/repos" not found in vault
Read credentials for http://chartmuseum.jenkins-x.io from vault helm/repos
Successfully added Helm repository chartmuseum.jenkins-x.io.
