
Showing logs for build [32mcb-kubecd-environment-pr-237-10-6zg4x-1[0m stage [32mfrom-build-pack[0m and container [32mstep-credential-initializer-9s4sp[0m
{"level":"info","ts":1592569368.6796114,"logger":"fallback-logger","caller":"logging/config.go:69","msg":"Fetch GitHub commit ID from kodata failed: open /var/run/ko/refs/heads/0.8.0-ns-support: no such file or directory"}
{"level":"info","ts":1592569368.6801517,"logger":"fallback-logger","caller":"creds-init/main.go:40","msg":"Credentials initialized."}

Showing logs for build [32mcb-kubecd-environment-pr-237-10-6zg4x-1[0m stage [32mfrom-build-pack[0m and container [32mstep-working-dir-initializer-smlvw[0m
{"level":"info","ts":1592569369.8796706,"logger":"fallback-logger","caller":"logging/config.go:69","msg":"Fetch GitHub commit ID from kodata failed: open /var/run/ko/HEAD: no such file or directory"}
{"level":"info","ts":1592569369.880969,"logger":"fallback-logger","caller":"bash/main.go:64","msg":"Successfully executed command \"sh -c mkdir -p /workspace/source\"; output "}

Showing logs for build [32mcb-kubecd-environment-pr-237-10-6zg4x-1[0m stage [32mfrom-build-pack[0m and container [32mstep-place-tools[0m

Showing logs for build [32mcb-kubecd-environment-pr-237-10-6zg4x-1[0m stage [32mfrom-build-pack[0m and container [32mstep-git-source-cb-kubecd-environment-pr-237-10-6zg4x-ndvzm[0m
{"level":"info","ts":1592569375.948254,"logger":"fallback-logger","caller":"logging/config.go:69","msg":"Fetch GitHub commit ID from kodata failed: open /var/run/ko/refs/heads/0.8.0-ns-support: no such file or directory"}
{"level":"info","ts":1592569377.053973,"logger":"fallback-logger","caller":"git/git.go:103","msg":"Successfully cloned https://github.com/cb-kubecd/environment-pr-237-10-boot-gke-staging.git @ master in path /workspace/source"}

Showing logs for build [32mcb-kubecd-environment-pr-237-10-6zg4x-1[0m stage [32mfrom-build-pack[0m and container [32mstep-git-merge[0m
Using SHAs from PULL_REFS=master:dd27918e9e00b89a38b555233c3737250adb41a1,2:1f6d214d710c616b06a446828a3ae11de59572e6
DEBUG: JX_LOG_LEVEL=error LC_ALL=C git fetch origin --unshallow 1f6d214d710c616b06a446828a3ae11de59572e6: dd27918e9e00b89a38b555233c3737250adb41a1:
DEBUG: ran git fetch --unshallow origin 1f6d214d710c616b06a446828a3ae11de59572e6: dd27918e9e00b89a38b555233c3737250adb41a1: in 
DEBUG: JX_LOG_LEVEL=error LC_ALL=C git branch
DEBUG: LC_ALL=C JX_LOG_LEVEL=error git checkout master
DEBUG: ran git checkout master in 
DEBUG: LC_ALL=C JX_LOG_LEVEL=error git reset --hard dd27918e9e00b89a38b555233c3737250adb41a1
DEBUG: ran git reset --hard dd27918e9e00b89a38b555233c3737250adb41a1 in 
DEBUG: LC_ALL=C JX_LOG_LEVEL=error git clean -fd .
DEBUG: ran clean --force -d . in 
DEBUG: LC_ALL=C JX_LOG_LEVEL=error git merge 1f6d214d710c616b06a446828a3ae11de59572e6
DEBUG: ran git merge 1f6d214d710c616b06a446828a3ae11de59572e6 in 
DEBUG: LC_ALL=C JX_LOG_LEVEL=error git log --format=%H%x1f%an%x1f%ae%x1f%cn%x1f%ce%x1f%s%n%b%x1e dd27918e9e00b89a38b555233c3737250adb41a1..HEAD
Merged SHA 1f6d214d710c616b06a446828a3ae11de59572e6 with commit message 'chore: Promote bdd-sbhg-1592568964 to version 0.0.1' into base branch master

Showing logs for build [32mcb-kubecd-environment-pr-237-10-6zg4x-1[0m stage [32mfrom-build-pack[0m and container [32mstep-build-helm-build[0m
WARNING: No $CHART_REPOSITORY defined so using the default value of: http://jenkins-x-chartmuseum:8080
Adding missing Helm repo: storage.googleapis.com https://storage.googleapis.com/chartmuseum.jenkins-x.io
WARNING: No secrets found on "helm/repos" due: reading the secret "helm/repos" from vault: no secret "helm/repos" not found in vault
Read credentials for https://storage.googleapis.com/chartmuseum.jenkins-x.io from vault helm/repos
Successfully added Helm repository storage.googleapis.com.
Adding missing Helm repo: jenkins-x-chartmuseum http://jenkins-x-chartmuseum:8080
WARNING: No secrets found on "helm/repos" due: reading the secret "helm/repos" from vault: no secret "helm/repos" not found in vault
Read credentials for http://jenkins-x-chartmuseum:8080 from vault helm/repos
Successfully added Helm repository jenkins-x-chartmuseum.
WARNING: No $CHART_REPOSITORY defined so using the default value of: http://jenkins-x-chartmuseum:8080
Adding missing Helm repo: chartmuseum.jenkins-x.io http://chartmuseum.jenkins-x.io
WARNING: No secrets found on "helm/repos" due: reading the secret "helm/repos" from vault: no secret "helm/repos" not found in vault
Read credentials for http://chartmuseum.jenkins-x.io from vault helm/repos
Successfully added Helm repository chartmuseum.jenkins-x.io.
